<?xml version="1.0" encoding="UTF-8"?>
<!-- Generated by org.testng.reporters.JUnitReportReporter -->
<testsuite hostname="DESKTOP-RS652UV" failures="0" tests="6" name="testCases.TC003_LoginDDT" time="58.341" errors="0" timestamp="2025-05-14T16:02:40 IST" skipped="0">
  <testcase classname="testCases.TC003_LoginDDT" name="valid_LoginDDT" time="21.753"/>
  <testcase classname="testCases.TC003_LoginDDT" name="valid_LoginDDT" time="3.452"/>
  <testcase classname="testCases.TC003_LoginDDT" name="valid_LoginDDT" time="3.476"/>
  <testcase classname="testCases.TC003_LoginDDT" name="valid_LoginDDT" time="3.195"/>
  <testcase classname="testCases.TC003_LoginDDT" name="valid_LoginDDT" time="22.109"/>
  <testcase classname="testCases.TC003_LoginDDT" name="valid_LoginDDT" time="4.356"/>
</testsuite> <!-- testCases.TC003_LoginDDT -->
