<?xml version="1.0" encoding="UTF-8"?>
<!-- Generated by org.testng.reporters.JUnitReportReporter -->
<testsuite hostname="DESKTOP-RS652UV" failures="0" tests="1" name="testCases.TC002_LoginTest" time="3.107" errors="0" timestamp="2025-05-14T16:02:39 IST" skipped="0">
  <testcase classname="testCases.TC002_LoginTest" name="verify_Login" time="3.107"/>
</testsuite> <!-- testCases.TC002_LoginTest -->
